<?xml version="1.0" encoding="UTF-8"?>
<!-- Generated by org.testng.reporters.JUnitReportReporter -->
<testsuite hostname="192.168.1.2" failures="0" tests="1" name="Test.SendToManager" time="11.080" errors="0" timestamp="2021-07-26T17:06:03 UYT" skipped="0">
  <testcase classname="Test.SendToManager" name="sendToManager" time="11.080"/>
  <system-out/>
</testsuite> <!-- Test.SendToManager -->
