<?xml version="1.0" encoding="UTF-8"?>
<!-- Generated by org.testng.reporters.JUnitReportReporter -->
<testsuite hostname="192.168.1.2" failures="0" tests="1" name="Test.EmployeeCreatesHeader" time="10.118" errors="0" timestamp="2021-07-06T14:32:01 UYT" skipped="0">
  <testcase classname="Test.EmployeeCreatesHeader" name="VerifyHeaderFields" time="10.118"/>
  <system-out/>
</testsuite> <!-- Test.EmployeeCreatesHeader -->
