<?xml version="1.0" encoding="UTF-8"?>
<!-- Generated by org.testng.reporters.JUnitReportReporter -->
<testsuite hostname="192.168.1.2" failures="0" tests="1" name="Test.VerifyInputsBodyRecord" time="14.960" errors="0" timestamp="2021-07-22T14:20:40 UYT" skipped="0">
  <testcase classname="Test.VerifyInputsBodyRecord" name="VerifyWSRBodyFields" time="14.960"/>
  <system-out/>
</testsuite> <!-- Test.VerifyInputsBodyRecord -->
