<?xml version="1.0" encoding="UTF-8"?>
<!-- Generated by org.testng.reporters.JUnitReportReporter -->
<testsuite hostname="192.168.1.2" failures="0" tests="1" name="Test.CreateHeader" time="9.347" errors="0" timestamp="2021-07-21T13:42:34 UYT" skipped="0">
  <testcase classname="Test.CreateHeader" name="createHeader" time="9.347"/>
  <system-out/>
</testsuite> <!-- Test.CreateHeader -->
