<?xml version="1.0" encoding="UTF-8"?>
<!-- Generated by org.testng.reporters.JUnitReportReporter -->
<testsuite hostname="192.168.1.2" failures="0" tests="1" name="Test.CreateHeader" time="7.944" errors="0" timestamp="2021-07-28T18:20:54 UYT" skipped="0">
  <testcase classname="Test.CreateHeader" name="createHeader" time="7.944"/>
  <system-out/>
</testsuite> <!-- Test.CreateHeader -->
