<?xml version="1.0" encoding="UTF-8"?>
<!-- Generated by org.testng.reporters.JUnitReportReporter -->
<testsuite hostname="192.168.1.2" failures="0" tests="1" name="Test.SendToManager" time="4.618" errors="0" timestamp="2021-07-22T17:21:21 UYT" skipped="0">
  <testcase classname="Test.SendToManager" name="sendToManager" time="4.618"/>
  <system-out/>
</testsuite> <!-- Test.SendToManager -->
