<?xml version="1.0" encoding="UTF-8"?>
<!-- Generated by org.testng.reporters.JUnitReportReporter -->
<testsuite hostname="192.168.1.2" failures="0" tests="1" name="Test.Test2" time="7.173" errors="0" timestamp="2021-07-05T18:03:27 UYT" skipped="0">
  <testcase classname="Test.Test2" name="JSoupTest" time="7.173"/>
  <system-out/>
</testsuite> <!-- Test.Test2 -->
