<?xml version="1.0" encoding="UTF-8"?>
<!-- Generated by org.testng.reporters.JUnitReportReporter -->
<testsuite hostname="192.168.1.2" failures="0" tests="1" name="Test.VerifyInputsHeader" time="10.713" errors="0" timestamp="2021-07-26T15:20:26 UYT" skipped="0">
  <testcase classname="Test.VerifyInputsHeader" name="VerifyHeaderFields" time="10.713"/>
  <system-out/>
</testsuite> <!-- Test.VerifyInputsHeader -->
