<?xml version="1.0" encoding="UTF-8"?>
<!-- Generated by org.testng.reporters.JUnitReportReporter -->
<testsuite hostname="192.168.1.2" failures="0" tests="1" name="Test.VerifyInputsHeader" time="11.949" errors="0" timestamp="2021-07-22T15:04:57 UYT" skipped="0">
  <testcase classname="Test.VerifyInputsHeader" name="VerifyHeaderFields" time="11.949"/>
  <system-out/>
</testsuite> <!-- Test.VerifyInputsHeader -->
