<?xml version="1.0" encoding="UTF-8"?>
<!-- Generated by org.testng.reporters.JUnitReportReporter -->
<testsuite hostname="192.168.1.2" failures="0" tests="1" name="Test.Test3" time="5.011" errors="0" timestamp="2021-07-05T20:53:19 UYT" skipped="0">
  <testcase classname="Test.Test3" name="getAttribute" time="5.011"/>
  <system-out/>
</testsuite> <!-- Test.Test3 -->
